<?xml version="1.0" encoding="UTF-8"?>
<testng-results skipped="0" failed="0" ignored="1" total="2" passed="1">
  <reporter-output>
  </reporter-output>
  <suite name="Default suite" duration-ms="3601" started-at="2020-02-15T06:31:50Z" finished-at="2020-02-15T06:31:54Z">
    <groups>
    </groups>
    <test name="Default test" duration-ms="3601" started-at="2020-02-15T06:31:50Z" finished-at="2020-02-15T06:31:54Z">
      <class name="test.BasicsOfRestAssured">
        <test-method status="PASS" signature="TestErgast()[pri:0, instance:test.BasicsOfRestAssured@57fffcd7]" name="TestErgast" duration-ms="3570" started-at="2020-02-15T12:01:50Z" finished-at="2020-02-15T12:01:54Z">
          <reporter-output>
          </reporter-output>
        </test-method> <!-- TestErgast -->
      </class> <!-- test.BasicsOfRestAssured -->
    </test> <!-- Default test -->
  </suite> <!-- Default suite -->
</testng-results>
